2018-04-01 01:42:04.721 [main] INFO  a00979176.Gis - 2018-04-01T08:42:04.717Z
2018-04-01 01:42:04.804 [main] INFO  a00979176.Gis - Created Gis
2018-04-01 01:42:04.804 [main] DEBUG a00979176.Gis - run()
2018-04-01 01:42:04.805 [main] DEBUG a00979176.database.Database - Loading database properties from db.properties
2018-04-01 01:42:04.806 [main] DEBUG a00979176.data.AllData - loading data
2018-04-01 01:42:04.808 [main] DEBUG a00979176.database.dao.CustomerDao - Constructor CustomerDao()
2018-04-01 01:42:04.808 [main] DEBUG a00979176.database.dao.CustomerDao - CustomerDao load()
2018-04-01 01:42:04.808 [main] DEBUG a00979176.database.Database - org.apache.derby.jdbc.EmbeddedDriver
2018-04-01 01:42:04.931 [main] DEBUG a00979176.database.Database - Driver loaded
2018-04-01 01:42:05.885 [main] DEBUG a00979176.database.Database - Database connected
2018-04-01 01:42:06.138 [main] DEBUG a00979176.database.dao.CustomerDao - Creating database table bcmc_Customer
2018-04-01 01:42:06.139 [main] DEBUG a00979176.database.dao.Dao - CREATE TABLE bcmc_Customer(id BIGINT, firstName VARCHAR(35), lastName VARCHAR(35), street VARCHAR(55), city VARCHAR(35), postalCode VARCHAR(10), phone VARCHAR(15), emailAddress VARCHAR(55), joinedDate TIMESTAMP, PRIMARY KEY (id))
2018-04-01 01:42:06.174 [main] DEBUG a00979176.database.dao.CustomerDao - Inserting the customers
2018-04-01 01:42:06.238 [main] DEBUG a00979176.database.dao.Dao - INSERT INTO bcmc_Customer values(?, ?, ?, ?, ?, ?, ?, ?, ?)
2018-04-01 01:42:06.254 [main] DEBUG a00979176.database.dao.CustomerDao - Adding Customer [id=3997, firstName=Fred, lastName=Fish, street=5707 Sidley St, city=Burnaby, postalCode=V5J 5E6, phone=(604) 433-5004, emailAddress=fredfish@imperial.net, joinedDate=2008-02-22] was unsuccessful
2018-04-01 01:42:06.255 [main] DEBUG a00979176.database.dao.Dao - INSERT INTO bcmc_Customer values(?, ?, ?, ?, ?, ?, ?, ?, ?)
2018-04-01 01:42:06.255 [main] DEBUG a00979176.database.dao.CustomerDao - Adding Customer [id=2540, firstName=Laurie, lastName=Nash, street=2816 Commercial Dr, city=Vancouver, postalCode=V5N 4C6, phone=(604) 876-0182, emailAddress=laurieeenash@modern.com, joinedDate=2014-07-28] was unsuccessful
2018-04-01 01:42:06.256 [main] DEBUG a00979176.database.dao.Dao - INSERT INTO bcmc_Customer values(?, ?, ?, ?, ?, ?, ?, ?, ?)
2018-04-01 01:42:06.257 [main] DEBUG a00979176.database.dao.CustomerDao - Adding Customer [id=1824, firstName=Conrad, lastName=Washington, street=13479 King George Blvd, city=Surrey, postalCode=V3T 2T8, phone=(604) 588-4988, emailAddress=cwash@daytona.net, joinedDate=2011-06-12] was unsuccessful
2018-04-01 01:42:06.257 [main] DEBUG a00979176.database.dao.Dao - INSERT INTO bcmc_Customer values(?, ?, ?, ?, ?, ?, ?, ?, ?)
2018-04-01 01:42:06.258 [main] DEBUG a00979176.database.dao.CustomerDao - Adding Customer [id=4653, firstName=Jeanette, lastName=Price, street=21000 Westminster Hwy, city=Richmond, postalCode=V6V 2S9, phone=(604) 276-2552, emailAddress=priceizrite@pacific.com, joinedDate=2015-09-03] was unsuccessful
2018-04-01 01:42:06.259 [main] DEBUG a00979176.database.dao.Dao - INSERT INTO bcmc_Customer values(?, ?, ?, ?, ?, ?, ?, ?, ?)
2018-04-01 01:42:06.260 [main] DEBUG a00979176.database.dao.CustomerDao - Adding Customer [id=3947, firstName=Mark, lastName=Chan, street=3766 E 1st Ave, city=Burnaby, postalCode=V5C 3V9, phone=(604) 293-1022, emailAddress=mchan@hcenter.com, joinedDate=2010-03-01] was unsuccessful
2018-04-01 01:42:06.279 [main] DEBUG a00979176.database.dao.MotorcycleDao - Creating database table bcmc_Motorcycle
2018-04-01 01:42:06.280 [main] DEBUG a00979176.database.dao.Dao - CREATE TABLE bcmc_Motorcycle(id BIGINT, make VARCHAR(25), model VARCHAR(25), yearMade BIGINT, serialNumber VARCHAR(25), mileage BIGINT, customerId BIGINT, PRIMARY KEY (id))
2018-04-01 01:42:06.299 [main] DEBUG a00979176.database.dao.MotorcycleDao - Inserting the inventories
2018-04-01 01:42:06.306 [main] DEBUG a00979176.database.dao.Dao - INSERT INTO bcmc_Motorcycle values(?, ?, ?, ?, ?, ?, ?)
2018-04-01 01:42:06.312 [main] DEBUG a00979176.database.dao.MotorcycleDao - Adding Motorcycle{id='21711', make='Triumph', model='Tiger', year=2012, serialNumber='A10000', mileage=22683} was unsuccessful
2018-04-01 01:42:06.313 [main] DEBUG a00979176.database.dao.Dao - INSERT INTO bcmc_Motorcycle values(?, ?, ?, ?, ?, ?, ?)
2018-04-01 01:42:06.314 [main] DEBUG a00979176.database.dao.MotorcycleDao - Adding Motorcycle{id='32466', make='Yamaha', model='Bolt', year=2015, serialNumber='B20000', mileage=751} was unsuccessful
2018-04-01 01:42:06.314 [main] DEBUG a00979176.database.dao.Dao - INSERT INTO bcmc_Motorcycle values(?, ?, ?, ?, ?, ?, ?)
2018-04-01 01:42:06.315 [main] DEBUG a00979176.database.dao.MotorcycleDao - Adding Motorcycle{id='30618', make='Honda', model='CB1100', year=2015, serialNumber='C30000', mileage=1106} was unsuccessful
2018-04-01 01:42:06.316 [main] DEBUG a00979176.database.dao.Dao - INSERT INTO bcmc_Motorcycle values(?, ?, ?, ?, ?, ?, ?)
2018-04-01 01:42:06.317 [main] DEBUG a00979176.database.dao.MotorcycleDao - Adding Motorcycle{id='43900', make='BMW', model='R75/5', year=1972, serialNumber='D40000', mileage=63000} was unsuccessful
2018-04-01 01:42:06.317 [main] DEBUG a00979176.database.dao.Dao - INSERT INTO bcmc_Motorcycle values(?, ?, ?, ?, ?, ?, ?)
2018-04-01 01:42:06.318 [main] DEBUG a00979176.database.dao.MotorcycleDao - Adding Motorcycle{id='32212', make='Harley Davidson', model='Sportster', year=2002, serialNumber='E50000', mileage=36000} was unsuccessful
2018-04-01 01:42:06.319 [main] DEBUG a00979176.database.dao.Dao - INSERT INTO bcmc_Motorcycle values(?, ?, ?, ?, ?, ?, ?)
2018-04-01 01:42:06.320 [main] DEBUG a00979176.database.dao.MotorcycleDao - Adding Motorcycle{id='31397', make='Suzuki', model='V-Strom 1000', year=2007, serialNumber='F60000', mileage=31680} was unsuccessful
2018-04-01 01:42:06.320 [main] DEBUG a00979176.database.dao.Dao - INSERT INTO bcmc_Motorcycle values(?, ?, ?, ?, ?, ?, ?)
2018-04-01 01:42:06.321 [main] DEBUG a00979176.database.dao.MotorcycleDao - Adding Motorcycle{id='37231', make='Ducati', model='Monster 696', year=2009, serialNumber='G70000', mileage=32000} was unsuccessful
2018-04-01 01:42:06.323 [main] DEBUG a00979176.database.dao.InventoryDao - Inventory load()
2018-04-01 01:42:06.343 [main] DEBUG a00979176.database.dao.InventoryDao - Creating database table bcmc_Inventory
2018-04-01 01:42:06.344 [main] DEBUG a00979176.database.dao.Dao - CREATE TABLE bcmc_Inventory(partNumber VARCHAR(25), description VARCHAR(55), price BIGINT, quantity BIGINT, motorcycleId VARCHAR(55), PRIMARY KEY(partNumber))
2018-04-01 01:42:06.360 [main] DEBUG a00979176.database.dao.InventoryDao - Inserting the parts (inventory)
2018-04-01 01:42:06.366 [main] DEBUG a00979176.database.dao.Dao - INSERT INTO bcmc_Inventory values(?, ?, ?, ?, ?)
2018-04-01 01:42:06.370 [main] DEBUG a00979176.database.dao.InventoryDao - Adding ASA-BOLT 7129907050 225 19 Triumph+Tiger was unsuccessful
2018-04-01 01:42:06.370 [main] DEBUG a00979176.database.dao.Dao - INSERT INTO bcmc_Inventory values(?, ?, ?, ?, ?)
2018-04-01 01:42:06.380 [main] ERROR a00979176.Gis - org.apache.derby.shared.common.error.DerbySQLIntegrityConstraintViolationException: The statement was aborted because it would have caused a duplicate key value in a unique or primary key constraint or unique index identified by 'SQL180401014206340' defined on 'BCMC_INVENTORY'.
2018-04-01 01:42:06.380 [main] INFO  a00979176.Gis - 2018-04-01T08:42:06.380Z
2018-04-01 01:42:06.381 [main] INFO  a00979176.Gis - Duration: 1663 ms
2018-04-01 01:45:41.968 [main] INFO  a00979176.Gis - 2018-04-01T08:45:41.965Z
2018-04-01 01:45:42.023 [main] INFO  a00979176.Gis - Created Gis
2018-04-01 01:45:42.023 [main] DEBUG a00979176.Gis - run()
2018-04-01 01:45:42.024 [main] DEBUG a00979176.database.Database - Loading database properties from db.properties
2018-04-01 01:45:42.025 [main] DEBUG a00979176.data.AllData - loading data
2018-04-01 01:45:42.026 [main] DEBUG a00979176.database.dao.CustomerDao - Constructor CustomerDao()
2018-04-01 01:45:42.026 [main] DEBUG a00979176.database.dao.CustomerDao - CustomerDao load()
2018-04-01 01:45:42.027 [main] DEBUG a00979176.database.Database - org.apache.derby.jdbc.EmbeddedDriver
2018-04-01 01:45:42.140 [main] DEBUG a00979176.database.Database - Driver loaded
2018-04-01 01:45:42.500 [main] DEBUG a00979176.database.Database - Database connected
2018-04-01 01:45:42.650 [main] DEBUG a00979176.database.Database - Found the target table named: bcmc_Customer
2018-04-01 01:45:42.662 [main] DEBUG a00979176.database.Database - Found the target table named: bcmc_Motorcycle
2018-04-01 01:45:42.663 [main] DEBUG a00979176.database.dao.InventoryDao - Inventory load()
2018-04-01 01:45:42.671 [main] DEBUG a00979176.database.Database - Found the target table named: bcmc_Inventory
2018-04-01 01:45:42.672 [main] DEBUG a00979176.database.dao.MotorcycleDao - SELECT id FROM bcmc_Motorcycle
2018-04-01 01:45:42.716 [main] DEBUG a00979176.database.dao.MotorcycleDao - Loaded 7 motorcycle ID(s) from the database
2018-04-01 01:45:42.717 [main] DEBUG a00979176.database.dao.MotorcycleDao - SELECT * FROM bcmc_Motorcycle WHERE id = 21711
2018-04-01 01:45:42.733 [main] DEBUG a00979176.database.dao.MotorcycleDao - SELECT * FROM bcmc_Motorcycle WHERE id = 30618
2018-04-01 01:45:42.740 [main] DEBUG a00979176.database.dao.MotorcycleDao - SELECT * FROM bcmc_Motorcycle WHERE id = 31397
2018-04-01 01:45:42.745 [main] DEBUG a00979176.database.dao.MotorcycleDao - SELECT * FROM bcmc_Motorcycle WHERE id = 32212
2018-04-01 01:45:42.749 [main] DEBUG a00979176.database.dao.MotorcycleDao - SELECT * FROM bcmc_Motorcycle WHERE id = 32466
2018-04-01 01:45:42.753 [main] DEBUG a00979176.database.dao.MotorcycleDao - SELECT * FROM bcmc_Motorcycle WHERE id = 37231
2018-04-01 01:45:42.757 [main] DEBUG a00979176.database.dao.MotorcycleDao - SELECT * FROM bcmc_Motorcycle WHERE id = 43900
2018-04-01 01:45:42.761 [main] DEBUG a00979176.database.dao.CustomerDao - SELECT * FROM bcmc_Customer
2018-04-01 01:45:42.770 [main] DEBUG a00979176.database.dao.CustomerDao - Loaded 5 customer(s) from the database
2018-04-01 01:45:42.771 [main] DEBUG a00979176.database.dao.InventoryDao - SELECT * FROM bcmc_Inventory
2018-04-01 01:45:42.777 [main] DEBUG a00979176.database.dao.InventoryDao - Loaded 1 register(s) from the database
2018-04-01 01:45:42.777 [main] DEBUG a00979176.data.AllData - Successfully loaded the data
2018-04-01 01:45:42.778 [main] DEBUG a00979176.Gis - Creating the UI
2018-04-01 01:45:42.858 [main] INFO  a00979176.Gis - 2018-04-01T08:45:42.858Z
2018-04-01 01:45:42.858 [main] INFO  a00979176.Gis - Duration: 893 ms
2018-04-01 01:45:42.859 [AWT-EventQueue-0] DEBUG a00979176.Gis - Setting the Look & Feel
2018-04-01 01:45:45.523 [AWT-EventQueue-0] INFO  a00979176.ui.MainFrame - Inventory menu item pressed.
2018-04-01 02:17:26.249 [main] INFO  a00979176.Gis - 2018-04-01T09:17:26.246Z
2018-04-01 02:17:26.305 [main] INFO  a00979176.Gis - Created Gis
2018-04-01 02:17:26.306 [main] DEBUG a00979176.Gis - run()
2018-04-01 02:17:26.306 [main] DEBUG a00979176.database.Database - Loading database properties from db.properties
2018-04-01 02:17:26.307 [main] DEBUG a00979176.data.AllData - loading data
2018-04-01 02:17:26.309 [main] DEBUG a00979176.database.dao.CustomerDao - Constructor CustomerDao()
2018-04-01 02:17:26.309 [main] DEBUG a00979176.database.dao.CustomerDao - CustomerDao load()
2018-04-01 02:17:26.309 [main] DEBUG a00979176.database.Database - org.apache.derby.jdbc.EmbeddedDriver
2018-04-01 02:17:26.430 [main] DEBUG a00979176.database.Database - Driver loaded
2018-04-01 02:17:26.621 [main] DEBUG a00979176.database.Database - Database connected
2018-04-01 02:17:26.779 [main] DEBUG a00979176.database.Database - Found the target table named: bcmc_Customer
2018-04-01 02:17:26.789 [main] DEBUG a00979176.database.Database - Found the target table named: bcmc_Motorcycle
2018-04-01 02:17:26.791 [main] DEBUG a00979176.database.dao.InventoryDao - Inventory load()
2018-04-01 02:17:26.800 [main] DEBUG a00979176.database.Database - Found the target table named: bcmc_Inventory
2018-04-01 02:17:26.801 [main] DEBUG a00979176.database.dao.MotorcycleDao - SELECT id FROM bcmc_Motorcycle
2018-04-01 02:17:26.847 [main] DEBUG a00979176.database.dao.MotorcycleDao - Loaded 7 motorcycle ID(s) from the database
2018-04-01 02:17:26.848 [main] DEBUG a00979176.database.dao.MotorcycleDao - SELECT * FROM bcmc_Motorcycle WHERE id = 21711
2018-04-01 02:17:26.865 [main] DEBUG a00979176.database.dao.MotorcycleDao - SELECT * FROM bcmc_Motorcycle WHERE id = 30618
2018-04-01 02:17:26.870 [main] DEBUG a00979176.database.dao.MotorcycleDao - SELECT * FROM bcmc_Motorcycle WHERE id = 31397
2018-04-01 02:17:26.874 [main] DEBUG a00979176.database.dao.MotorcycleDao - SELECT * FROM bcmc_Motorcycle WHERE id = 32212
2018-04-01 02:17:26.878 [main] DEBUG a00979176.database.dao.MotorcycleDao - SELECT * FROM bcmc_Motorcycle WHERE id = 32466
2018-04-01 02:17:26.883 [main] DEBUG a00979176.database.dao.MotorcycleDao - SELECT * FROM bcmc_Motorcycle WHERE id = 37231
2018-04-01 02:17:26.887 [main] DEBUG a00979176.database.dao.MotorcycleDao - SELECT * FROM bcmc_Motorcycle WHERE id = 43900
2018-04-01 02:17:26.891 [main] DEBUG a00979176.database.dao.CustomerDao - SELECT * FROM bcmc_Customer
2018-04-01 02:17:26.900 [main] DEBUG a00979176.database.dao.CustomerDao - Loaded 5 customer(s) from the database
2018-04-01 02:17:26.900 [main] DEBUG a00979176.database.dao.InventoryDao - SELECT * FROM bcmc_Inventory
2018-04-01 02:17:26.907 [main] DEBUG a00979176.database.dao.InventoryDao - Loaded 1 register(s) from the database
2018-04-01 02:17:26.907 [main] DEBUG a00979176.data.AllData - Successfully loaded the data
2018-04-01 02:17:26.907 [main] DEBUG a00979176.Gis - Creating the UI
2018-04-01 02:17:26.979 [main] INFO  a00979176.Gis - 2018-04-01T09:17:26.979Z
2018-04-01 02:17:26.979 [main] INFO  a00979176.Gis - Duration: 733 ms
2018-04-01 02:17:26.980 [AWT-EventQueue-0] DEBUG a00979176.Gis - Setting the Look & Feel
2018-04-01 02:17:29.552 [AWT-EventQueue-0] INFO  a00979176.ui.MainFrame - Inventory menu item pressed.
